<?xml version="1.0" encoding="UTF-8"?>
<!-- Generated by org.testng.reporters.JUnitXMLReporter -->
<testsuite ignored="0" hostname="dell-PC" failures="2" tests="4" name="Regression suite" time="115.025" errors="0" timestamp="2019-09-04T00:30:12 IST">
  <testcase classname="com.automationqapractice.test.CreateUsrAcct" name="createNewUserAccount" time="22.427"/>
  <testcase classname="com.automationqapractice.test.CreateUsrAcct" name="checkThatUserCanLoginSuccessfullyAfterAccountCreation" time="10.656"/>
  <testcase classname="com.automationqapractice.test.SearchProdCategory" name="searchProductCategory" time="6.082">
    <failure type="java.lang.NullPointerException">
      <![CDATA[java.lang.NullPointerException
at com.automationqapractice.test.SearchProdCategory.searchProductCategory(SearchProdCategory.java:36)
at java.base/java.util.ArrayList.forEach(ArrayList.java:1378)
... Removed 27 stack frames]]>
    </failure>
  </testcase> <!-- searchProductCategory -->
  <testcase classname="com.automationqapractice.test.OrdCreation" name="purchaseProduct" time="7.118">
    <failure type="java.lang.NullPointerException">
      <![CDATA[java.lang.NullPointerException
at com.automationqapractice.pages.UserAcctPage.searchFor(UserAcctPage.java:58)
at com.automationqapractice.test.OrdCreation.purchaseProduct(OrdCreation.java:51)
at java.base/java.util.ArrayList.forEach(ArrayList.java:1378)
... Removed 27 stack frames]]>
    </failure>
  </testcase> <!-- purchaseProduct -->
</testsuite> <!-- Regression suite -->
